<?xml version="1.0" encoding="UTF-8"?>
<testng-results ignored="0" total="2" passed="2" failed="0" skipped="0">
  <reporter-output>
  </reporter-output>
  <suite started-at="2022-11-07T20:50:53 EST" name="Default suite" finished-at="2022-11-07T20:50:57 EST" duration-ms="3727">
    <groups>
      <group name="cucumber">
        <method signature="AbstractTestNGCucumberTests.runScenario(io.cucumber.testng.PickleWrapper,io.cucumber.testng.FeatureWrapper)[pri:0, instance:com.Runner.Runner_GetMethod@38467116]" name="runScenario" class="io.cucumber.testng.AbstractTestNGCucumberTests"/>
      </group> <!-- cucumber -->
    </groups>
    <test started-at="2022-11-07T20:50:53 EST" name="Default test" finished-at="2022-11-07T20:50:57 EST" duration-ms="3727">
      <class name="com.Runner.Runner_GetMethod">
        <test-method is-config="true" signature="setUpClass()[pri:0, instance:com.Runner.Runner_GetMethod@38467116]" started-at="2022-11-07T20:50:53 EST" name="setUpClass" finished-at="2022-11-07T20:50:53 EST" duration-ms="392" status="PASS">
          <reporter-output>
          </reporter-output>
        </test-method> <!-- setUpClass -->
        <test-method signature="runScenario(io.cucumber.testng.PickleWrapper,io.cucumber.testng.FeatureWrapper)[pri:0, instance:com.Runner.Runner_GetMethod@38467116]" started-at="2022-11-07T20:50:53 EST" name="runScenario" description="Runs Cucumber Scenarios" data-provider="scenarios" finished-at="2022-11-07T20:50:56 EST" duration-ms="2686" status="PASS">
          <params>
            <param index="0">
              <value>
                <![CDATA["Find the number of Employee Exits"]]>
              </value>
            </param>
            <param index="1">
              <value>
                <![CDATA["Optional[Get Method]"]]>
              </value>
            </param>
          </params>
          <reporter-output>
          </reporter-output>
        </test-method> <!-- runScenario -->
        <test-method signature="runScenario(io.cucumber.testng.PickleWrapper,io.cucumber.testng.FeatureWrapper)[pri:0, instance:com.Runner.Runner_GetMethod@38467116]" started-at="2022-11-07T20:50:56 EST" name="runScenario" description="Runs Cucumber Scenarios" data-provider="scenarios" finished-at="2022-11-07T20:50:57 EST" duration-ms="523" status="PASS">
          <params>
            <param index="0">
              <value>
                <![CDATA["Get the Details of the employee whoes id"]]>
              </value>
            </param>
            <param index="1">
              <value>
                <![CDATA["Optional[Get Method]"]]>
              </value>
            </param>
          </params>
          <reporter-output>
          </reporter-output>
        </test-method> <!-- runScenario -->
        <test-method is-config="true" signature="tearDownClass()[pri:0, instance:com.Runner.Runner_GetMethod@38467116]" started-at="2022-11-07T20:50:57 EST" name="tearDownClass" finished-at="2022-11-07T20:50:57 EST" duration-ms="79" status="PASS">
          <reporter-output>
          </reporter-output>
        </test-method> <!-- tearDownClass -->
      </class> <!-- com.Runner.Runner_GetMethod -->
    </test> <!-- Default test -->
  </suite> <!-- Default suite -->
</testng-results>
