<?xml version="1.0" encoding="UTF-8"?>
<!-- Generated by org.testng.reporters.JUnitXMLReporter -->
<testsuite ignored="0" hostname="LAPTOP-4VH20URH" failures="0" tests="5" name="Test" time="5.213" errors="0" timestamp="2022-10-20T23:29:14 EDT">
  <testcase classname="com.API_test.tests.API_E2E_Test_Exam" name="TC_01_AllEmployeedata" time="2.487"/>
  <testcase classname="com.API_test.tests.API_E2E_Test_Exam" name="TC_02_CreateEmployeedata" time="0.593"/>
  <testcase classname="com.API_test.tests.API_E2E_Test_Exam" name="TC_03_DeleteEmployee" time="0.416"/>
  <testcase classname="com.API_test.tests.API_E2E_Test_Exam" name="TC_04_DeleteAlreadydeletedEmployee" time="0.4"/>
  <testcase classname="com.API_test.tests.API_E2E_Test_Exam" name="TC_05_GetEmpWithId" time="0.557"/>
</testsuite> <!-- Test -->
