<?xml version="1.0" encoding="UTF-8"?>
<testsuite xmlns:xsi="http://www.w3.org/2001/XMLSchema-instance" xsi:schemaLocation="https://maven.apache.org/surefire/maven-surefire-plugin/xsd/surefire-test-report.xsd" name="TestSuite" time="5.894" tests="5" errors="0" skipped="0" failures="0">
  <properties>
[...]
</properties>
  <testcase name="TC_01_AllEmployeedata" classname="com.API_test.tests.API_E2E_Test_Exam" time="2.488"/>
  <testcase name="TC_02_CreateEmployeedata" classname="com.API_test.tests.API_E2E_Test_Exam" time="0.593"/>
  <testcase name="TC_03_DeleteEmployee" classname="com.API_test.tests.API_E2E_Test_Exam" time="0.414"/>
  <testcase name="TC_04_DeleteAlreadydeletedEmployee" classname="com.API_test.tests.API_E2E_Test_Exam" time="0.399"/>
  <testcase name="TC_05_GetEmpWithId" classname="com.API_test.tests.API_E2E_Test_Exam" time="0.558"/>
</testsuite>