<?xml version="1.0" encoding="UTF-8"?>
<testng-results ignored="0" total="5" passed="5" failed="0" skipped="0">
  <reporter-output>
  </reporter-output>
  <suite started-at="2022-10-20T23:29:09 EDT" name="Suite" finished-at="2022-10-20T23:29:14 EDT" duration-ms="5213">
    <groups>
    </groups>
    <test started-at="2022-10-20T23:29:09 EDT" name="Test" finished-at="2022-10-20T23:29:14 EDT" duration-ms="5213">
      <class name="com.API_test.tests.API_E2E_Test_Exam">
        <test-method is-config="true" signature="setUp()[pri:0, instance:com.API_test.tests.API_E2E_Test_Exam@156b88f5]" started-at="2022-10-20T23:29:09 EDT" name="setUp" finished-at="2022-10-20T23:29:09 EDT" duration-ms="548" status="PASS">
          <reporter-output>
          </reporter-output>
        </test-method> <!-- setUp -->
        <test-method signature="TC_01_AllEmployeedata()[pri:1, instance:com.API_test.tests.API_E2E_Test_Exam@156b88f5]" started-at="2022-10-20T23:29:09 EDT" name="TC_01_AllEmployeedata" finished-at="2022-10-20T23:29:12 EDT" duration-ms="2487" status="PASS">
          <reporter-output>
          </reporter-output>
        </test-method> <!-- TC_01_AllEmployeedata -->
        <test-method signature="TC_02_CreateEmployeedata()[pri:2, instance:com.API_test.tests.API_E2E_Test_Exam@156b88f5]" started-at="2022-10-20T23:29:12 EDT" name="TC_02_CreateEmployeedata" finished-at="2022-10-20T23:29:13 EDT" duration-ms="593" status="PASS">
          <reporter-output>
          </reporter-output>
        </test-method> <!-- TC_02_CreateEmployeedata -->
        <test-method signature="TC_03_DeleteEmployee()[pri:3, instance:com.API_test.tests.API_E2E_Test_Exam@156b88f5]" started-at="2022-10-20T23:29:13 EDT" name="TC_03_DeleteEmployee" finished-at="2022-10-20T23:29:13 EDT" duration-ms="416" status="PASS">
          <reporter-output>
          </reporter-output>
        </test-method> <!-- TC_03_DeleteEmployee -->
        <test-method signature="TC_04_DeleteAlreadydeletedEmployee()[pri:4, instance:com.API_test.tests.API_E2E_Test_Exam@156b88f5]" started-at="2022-10-20T23:29:13 EDT" name="TC_04_DeleteAlreadydeletedEmployee" finished-at="2022-10-20T23:29:13 EDT" duration-ms="400" status="PASS">
          <reporter-output>
          </reporter-output>
        </test-method> <!-- TC_04_DeleteAlreadydeletedEmployee -->
        <test-method signature="TC_05_GetEmpWithId()[pri:5, instance:com.API_test.tests.API_E2E_Test_Exam@156b88f5]" started-at="2022-10-20T23:29:13 EDT" name="TC_05_GetEmpWithId" finished-at="2022-10-20T23:29:14 EDT" duration-ms="557" status="PASS">
          <reporter-output>
          </reporter-output>
        </test-method> <!-- TC_05_GetEmpWithId -->
      </class> <!-- com.API_test.tests.API_E2E_Test_Exam -->
    </test> <!-- Test -->
  </suite> <!-- Suite -->
</testng-results>
