<?xml version="1.0" encoding="UTF-8"?>
<!-- Generated by org.testng.reporters.JUnitXMLReporter -->
<testsuite ignored="0" hostname="LAPTOP-4VH20URH" failures="0" tests="5" name="Default test" time="5.892" errors="0" timestamp="2022-10-20T23:11:55 EDT">
  <testcase classname="com.API_test.tests.API_E2E_Test_Exam" name="TC_01_AllEmployeedata" time="2.703"/>
  <testcase classname="com.API_test.tests.API_E2E_Test_Exam" name="TC_02_CreateEmployeedata" time="0.622"/>
  <testcase classname="com.API_test.tests.API_E2E_Test_Exam" name="TC_03_DeleteEmployee" time="0.46"/>
  <testcase classname="com.API_test.tests.API_E2E_Test_Exam" name="TC_04_DeleteAlreadydeletedEmployee" time="0.5"/>
  <testcase classname="com.API_test.tests.API_E2E_Test_Exam" name="TC_05_GetEmpWithId" time="0.559"/>
</testsuite> <!-- Default test -->
