<?xml version="1.0" encoding="UTF-8"?>
<testng-results ignored="0" total="5" passed="5" failed="0" skipped="0">
  <reporter-output>
  </reporter-output>
  <suite started-at="2022-10-20T23:11:49 EDT" name="Default suite" finished-at="2022-10-20T23:11:55 EDT" duration-ms="5892">
    <groups>
    </groups>
    <test started-at="2022-10-20T23:11:49 EDT" name="Default test" finished-at="2022-10-20T23:11:55 EDT" duration-ms="5892">
      <class name="com.API_test.tests.API_E2E_Test_Exam">
        <test-method is-config="true" signature="setUp()[pri:0, instance:com.API_test.tests.API_E2E_Test_Exam@5524cca1]" started-at="2022-10-20T23:11:49 EDT" name="setUp" finished-at="2022-10-20T23:11:50 EDT" duration-ms="805" status="PASS">
          <reporter-output>
          </reporter-output>
        </test-method> <!-- setUp -->
        <test-method signature="TC_01_AllEmployeedata()[pri:1, instance:com.API_test.tests.API_E2E_Test_Exam@5524cca1]" started-at="2022-10-20T23:11:50 EDT" name="TC_01_AllEmployeedata" finished-at="2022-10-20T23:11:53 EDT" duration-ms="2703" status="PASS">
          <reporter-output>
          </reporter-output>
        </test-method> <!-- TC_01_AllEmployeedata -->
        <test-method signature="TC_02_CreateEmployeedata()[pri:2, instance:com.API_test.tests.API_E2E_Test_Exam@5524cca1]" started-at="2022-10-20T23:11:53 EDT" name="TC_02_CreateEmployeedata" finished-at="2022-10-20T23:11:53 EDT" duration-ms="622" status="PASS">
          <reporter-output>
          </reporter-output>
        </test-method> <!-- TC_02_CreateEmployeedata -->
        <test-method signature="TC_03_DeleteEmployee()[pri:3, instance:com.API_test.tests.API_E2E_Test_Exam@5524cca1]" started-at="2022-10-20T23:11:53 EDT" name="TC_03_DeleteEmployee" finished-at="2022-10-20T23:11:54 EDT" duration-ms="460" status="PASS">
          <reporter-output>
          </reporter-output>
        </test-method> <!-- TC_03_DeleteEmployee -->
        <test-method signature="TC_04_DeleteAlreadydeletedEmployee()[pri:4, instance:com.API_test.tests.API_E2E_Test_Exam@5524cca1]" started-at="2022-10-20T23:11:54 EDT" name="TC_04_DeleteAlreadydeletedEmployee" finished-at="2022-10-20T23:11:54 EDT" duration-ms="500" status="PASS">
          <reporter-output>
          </reporter-output>
        </test-method> <!-- TC_04_DeleteAlreadydeletedEmployee -->
        <test-method signature="TC_05_GetEmpWithId()[pri:5, instance:com.API_test.tests.API_E2E_Test_Exam@5524cca1]" started-at="2022-10-20T23:11:54 EDT" name="TC_05_GetEmpWithId" finished-at="2022-10-20T23:11:55 EDT" duration-ms="559" status="PASS">
          <reporter-output>
          </reporter-output>
        </test-method> <!-- TC_05_GetEmpWithId -->
      </class> <!-- com.API_test.tests.API_E2E_Test_Exam -->
    </test> <!-- Default test -->
  </suite> <!-- Default suite -->
</testng-results>
